2023-07-16 14:30:34,604 INFO o.a.j.u.JMeterUtils: Setting Locale to en
2023-07-16 14:30:34,666 INFO o.a.j.JMeter: Loading user properties from: /home/perftest186/apache-jmeter-5.6.2/bin/user.properties
2023-07-16 14:30:34,667 INFO o.a.j.JMeter: Loading system properties from: /home/perftest186/apache-jmeter-5.6.2/bin/system.properties
2023-07-16 14:30:34,677 INFO o.a.j.JMeter: Copyright (c) 1998-2023 The Apache Software Foundation
2023-07-16 14:30:34,678 INFO o.a.j.JMeter: Version 5.6.2
2023-07-16 14:30:34,679 INFO o.a.j.JMeter: java.version=17.0.7
2023-07-16 14:30:34,679 INFO o.a.j.JMeter: java.vm.name=OpenJDK 64-Bit Server VM
2023-07-16 14:30:34,679 INFO o.a.j.JMeter: os.name=Linux
2023-07-16 14:30:34,679 INFO o.a.j.JMeter: os.arch=amd64
2023-07-16 14:30:34,680 INFO o.a.j.JMeter: os.version=5.10.0-23-cloud-amd64
2023-07-16 14:30:34,680 INFO o.a.j.JMeter: file.encoding=UTF-8
2023-07-16 14:30:34,680 INFO o.a.j.JMeter: java.awt.headless=true
2023-07-16 14:30:34,681 INFO o.a.j.JMeter: Max memory     =2086666240
2023-07-16 14:30:34,681 INFO o.a.j.JMeter: Available Processors =2
2023-07-16 14:30:34,697 INFO o.a.j.JMeter: Default Locale=English
2023-07-16 14:30:34,698 INFO o.a.j.JMeter: JMeter  Locale=English
2023-07-16 14:30:34,699 INFO o.a.j.JMeter: JMeterHome=/home/perftest186/apache-jmeter-5.6.2
2023-07-16 14:30:34,700 INFO o.a.j.JMeter: user.dir  =/home/perftest186/petclinic
2023-07-16 14:30:34,700 INFO o.a.j.JMeter: PWD       =/home/perftest186/petclinic
2023-07-16 14:30:34,700 INFO o.a.j.JMeter: IP: 10.150.0.3 Name: jenkins FullName: jenkins.us-east4-c.c.grand-harbor-391707.internal
2023-07-16 14:30:34,723 ERROR o.a.j.JMeter: An error occurred: 
org.apache.jmeter.report.config.ConfigurationException: The file /home/perftest186/petclinic/petstore.jmx doesn't exist or can't be opened
	at org.apache.jmeter.JMeter.runNonGui(JMeter.java:950) ~[ApacheJMeter_core.jar:5.6.2]
	at org.apache.jmeter.JMeter.startNonGui(JMeter.java:940) ~[ApacheJMeter_core.jar:5.6.2]
	at org.apache.jmeter.JMeter.start(JMeter.java:508) [ApacheJMeter_core.jar:5.6.2]
	at jdk.internal.reflect.NativeMethodAccessorImpl.invoke0(Native Method) ~[?:?]
	at jdk.internal.reflect.NativeMethodAccessorImpl.invoke(NativeMethodAccessorImpl.java:77) ~[?:?]
	at jdk.internal.reflect.DelegatingMethodAccessorImpl.invoke(DelegatingMethodAccessorImpl.java:43) ~[?:?]
	at java.lang.reflect.Method.invoke(Method.java:568) ~[?:?]
	at org.apache.jmeter.NewDriver.main(NewDriver.java:259) [ApacheJMeter.jar:5.6.2]
