2023-07-16 14:30:55,095 INFO o.a.j.u.JMeterUtils: Setting Locale to en
2023-07-16 14:30:55,133 INFO o.a.j.JMeter: Loading user properties from: /home/perftest186/apache-jmeter-5.6.2/bin/user.properties
2023-07-16 14:30:55,134 INFO o.a.j.JMeter: Loading system properties from: /home/perftest186/apache-jmeter-5.6.2/bin/system.properties
2023-07-16 14:30:55,144 INFO o.a.j.JMeter: Copyright (c) 1998-2023 The Apache Software Foundation
2023-07-16 14:30:55,144 INFO o.a.j.JMeter: Version 5.6.2
2023-07-16 14:30:55,144 INFO o.a.j.JMeter: java.version=17.0.7
2023-07-16 14:30:55,144 INFO o.a.j.JMeter: java.vm.name=OpenJDK 64-Bit Server VM
2023-07-16 14:30:55,145 INFO o.a.j.JMeter: os.name=Linux
2023-07-16 14:30:55,145 INFO o.a.j.JMeter: os.arch=amd64
2023-07-16 14:30:55,145 INFO o.a.j.JMeter: os.version=5.10.0-23-cloud-amd64
2023-07-16 14:30:55,145 INFO o.a.j.JMeter: file.encoding=UTF-8
2023-07-16 14:30:55,145 INFO o.a.j.JMeter: java.awt.headless=true
2023-07-16 14:30:55,145 INFO o.a.j.JMeter: Max memory     =2086666240
2023-07-16 14:30:55,146 INFO o.a.j.JMeter: Available Processors =2
2023-07-16 14:30:55,159 INFO o.a.j.JMeter: Default Locale=English
2023-07-16 14:30:55,160 INFO o.a.j.JMeter: JMeter  Locale=English
2023-07-16 14:30:55,160 INFO o.a.j.JMeter: JMeterHome=/home/perftest186/apache-jmeter-5.6.2
2023-07-16 14:30:55,160 INFO o.a.j.JMeter: user.dir  =/home/perftest186/petclinic/scripts
2023-07-16 14:30:55,160 INFO o.a.j.JMeter: PWD       =/home/perftest186/petclinic/scripts
2023-07-16 14:30:55,161 INFO o.a.j.JMeter: IP: 10.150.0.3 Name: jenkins FullName: jenkins.us-east4-c.c.grand-harbor-391707.internal
2023-07-16 14:30:55,183 INFO o.a.j.s.FileServer: Default base='/home/perftest186/petclinic/scripts'
2023-07-16 14:30:55,186 INFO o.a.j.s.FileServer: Set new base='/home/perftest186/petclinic/scripts'
2023-07-16 14:30:55,492 INFO o.a.j.s.SaveService: Testplan (JMX) version: 2.2. Testlog (JTL) version: 2.2
2023-07-16 14:30:55,585 INFO o.a.j.s.SaveService: Using SaveService properties version 5.0
2023-07-16 14:30:55,591 INFO o.a.j.s.SaveService: Using SaveService properties file encoding UTF-8
2023-07-16 14:30:55,600 INFO o.a.j.s.SaveService: Loading file: petstore.jmx
2023-07-16 14:30:55,698 INFO o.a.j.p.h.s.HTTPSamplerBase: Parser for text/html is org.apache.jmeter.protocol.http.parser.LagartoBasedHtmlParser
2023-07-16 14:30:55,698 INFO o.a.j.p.h.s.HTTPSamplerBase: Parser for application/xhtml+xml is org.apache.jmeter.protocol.http.parser.LagartoBasedHtmlParser
2023-07-16 14:30:55,698 INFO o.a.j.p.h.s.HTTPSamplerBase: Parser for application/xml is org.apache.jmeter.protocol.http.parser.LagartoBasedHtmlParser
2023-07-16 14:30:55,698 INFO o.a.j.p.h.s.HTTPSamplerBase: Parser for text/xml is org.apache.jmeter.protocol.http.parser.LagartoBasedHtmlParser
2023-07-16 14:30:55,698 INFO o.a.j.p.h.s.HTTPSamplerBase: Parser for text/vnd.wap.wml is org.apache.jmeter.protocol.http.parser.RegexpHTMLParser
2023-07-16 14:30:55,699 INFO o.a.j.p.h.s.HTTPSamplerBase: Parser for text/css is org.apache.jmeter.protocol.http.parser.CssParser
2023-07-16 14:30:55,760 INFO o.a.j.s.SampleResult: Note: Sample TimeStamps are START times
2023-07-16 14:30:55,761 INFO o.a.j.s.SampleResult: sampleresult.default.encoding is set to UTF-8
2023-07-16 14:30:55,761 INFO o.a.j.s.SampleResult: sampleresult.useNanoTime=true
2023-07-16 14:30:55,761 INFO o.a.j.s.SampleResult: sampleresult.nanoThreadSleep=5000
2023-07-16 14:30:55,791 INFO o.a.j.JMeter: Creating summariser <summary>
2023-07-16 14:30:55,814 INFO o.a.j.e.StandardJMeterEngine: Running the test!
2023-07-16 14:30:55,818 INFO o.a.j.s.SampleEvent: List of sample_variables: []
2023-07-16 14:30:55,818 INFO o.a.j.s.SampleEvent: List of sample_variables: []
2023-07-16 14:30:55,834 INFO o.a.j.e.u.CompoundVariable: Note: Function class names must contain the string: '.functions.'
2023-07-16 14:30:55,834 INFO o.a.j.e.u.CompoundVariable: Note: Function class names must not contain the string: '.gui.'
2023-07-16 14:30:56,001 INFO o.a.j.v.b.BackendListener: Backend Listener: Starting worker with class: class org.apache.jmeter.visualizers.backend.influxdb.InfluxdbBackendListenerClient and queue capacity: 5000
2023-07-16 14:30:56,003 INFO o.a.j.v.b.BackendListener: Backend Listener: Started  worker with class: class org.apache.jmeter.visualizers.backend.influxdb.InfluxdbBackendListenerClient
2023-07-16 14:30:56,337 INFO o.a.j.JMeter: Running test (1689517856337)
2023-07-16 14:30:56,405 INFO o.a.j.e.StandardJMeterEngine: Starting ThreadGroup: 1 : Thread Group
2023-07-16 14:30:56,405 INFO o.a.j.e.StandardJMeterEngine: Starting 10 threads for group Thread Group.
2023-07-16 14:30:56,405 INFO o.a.j.e.StandardJMeterEngine: Thread will continue on error
2023-07-16 14:30:56,406 INFO o.a.j.t.ThreadGroup: Starting thread group... number=1 threads=10 ramp-up=30 delayedStart=false
2023-07-16 14:30:56,446 INFO o.a.j.t.JMeterThread: Thread started: Thread Group 1-1
2023-07-16 14:30:56,475 ERROR o.a.j.v.b.i.HttpMetricsSender: Error writing metrics to influxDB Url: http://localhost:8086/write?db=jpetstore, responseCode: 404, responseBody: {"error":"database not found: \"jpetstore\""}

2023-07-16 14:30:56,487 INFO o.a.j.t.ThreadGroup: Started thread group number 1
2023-07-16 14:30:56,487 INFO o.a.j.e.StandardJMeterEngine: All thread groups have been started
2023-07-16 14:30:59,436 INFO o.a.j.t.JMeterThread: Thread started: Thread Group 1-2
2023-07-16 14:30:59,464 INFO o.a.j.p.h.s.HTTPHCAbstractImpl: Local host = jenkins
2023-07-16 14:30:59,472 INFO o.a.j.p.h.s.HTTPHC4Impl: HTTP request retry count = 0
2023-07-16 14:30:59,539 INFO o.a.j.p.h.s.h.LazyLayeredConnectionSocketFactory: Setting up HTTPS TrustAll Socket Factory
2023-07-16 14:30:59,550 INFO o.a.j.u.JsseSSLManager: Using default SSL protocol: TLS
2023-07-16 14:30:59,551 INFO o.a.j.u.JsseSSLManager: SSL session context: per-thread
2023-07-16 14:30:59,650 INFO o.a.j.u.SSLManager: JmeterKeyStore Location:  type JKS
2023-07-16 14:30:59,652 INFO o.a.j.u.SSLManager: KeyStore created OK
2023-07-16 14:30:59,652 WARN o.a.j.u.SSLManager: Keystore file not found, loading empty keystore
2023-07-16 14:31:01,324 ERROR o.a.j.v.b.i.HttpMetricsSender: Error writing metrics to influxDB Url: http://localhost:8086/write?db=jpetstore, responseCode: 404, responseBody: {"error":"database not found: \"jpetstore\""}

2023-07-16 14:31:02,420 INFO o.a.j.t.JMeterThread: Thread started: Thread Group 1-3
2023-07-16 14:31:05,419 INFO o.a.j.t.JMeterThread: Thread started: Thread Group 1-4
2023-07-16 14:31:06,324 ERROR o.a.j.v.b.i.HttpMetricsSender: Error writing metrics to influxDB Url: http://localhost:8086/write?db=jpetstore, responseCode: 404, responseBody: {"error":"database not found: \"jpetstore\""}

2023-07-16 14:31:08,414 INFO o.a.j.t.JMeterThread: Thread started: Thread Group 1-5
2023-07-16 14:31:11,322 ERROR o.a.j.v.b.i.HttpMetricsSender: Error writing metrics to influxDB Url: http://localhost:8086/write?db=jpetstore, responseCode: 404, responseBody: {"error":"database not found: \"jpetstore\""}

2023-07-16 14:31:11,418 INFO o.a.j.t.JMeterThread: Thread started: Thread Group 1-6
2023-07-16 14:31:14,418 INFO o.a.j.t.JMeterThread: Thread started: Thread Group 1-7
2023-07-16 14:31:16,320 ERROR o.a.j.v.b.i.HttpMetricsSender: Error writing metrics to influxDB Url: http://localhost:8086/write?db=jpetstore, responseCode: 404, responseBody: {"error":"database not found: \"jpetstore\""}

2023-07-16 14:31:17,412 INFO o.a.j.t.JMeterThread: Thread started: Thread Group 1-8
2023-07-16 14:31:20,411 INFO o.a.j.t.JMeterThread: Thread started: Thread Group 1-9
2023-07-16 14:31:21,319 ERROR o.a.j.v.b.i.HttpMetricsSender: Error writing metrics to influxDB Url: http://localhost:8086/write?db=jpetstore, responseCode: 404, responseBody: {"error":"database not found: \"jpetstore\""}

2023-07-16 14:31:23,413 INFO o.a.j.t.JMeterThread: Thread started: Thread Group 1-10
2023-07-16 14:31:26,319 ERROR o.a.j.v.b.i.HttpMetricsSender: Error writing metrics to influxDB Url: http://localhost:8086/write?db=jpetstore, responseCode: 404, responseBody: {"error":"database not found: \"jpetstore\""}

2023-07-16 14:31:31,318 ERROR o.a.j.v.b.i.HttpMetricsSender: Error writing metrics to influxDB Url: http://localhost:8086/write?db=jpetstore, responseCode: 404, responseBody: {"error":"database not found: \"jpetstore\""}

2023-07-16 14:31:36,320 ERROR o.a.j.v.b.i.HttpMetricsSender: Error writing metrics to influxDB Url: http://localhost:8086/write?db=jpetstore, responseCode: 404, responseBody: {"error":"database not found: \"jpetstore\""}

2023-07-16 14:31:41,319 ERROR o.a.j.v.b.i.HttpMetricsSender: Error writing metrics to influxDB Url: http://localhost:8086/write?db=jpetstore, responseCode: 404, responseBody: {"error":"database not found: \"jpetstore\""}

2023-07-16 14:31:46,318 ERROR o.a.j.v.b.i.HttpMetricsSender: Error writing metrics to influxDB Url: http://localhost:8086/write?db=jpetstore, responseCode: 404, responseBody: {"error":"database not found: \"jpetstore\""}

2023-07-16 14:31:51,319 ERROR o.a.j.v.b.i.HttpMetricsSender: Error writing metrics to influxDB Url: http://localhost:8086/write?db=jpetstore, responseCode: 404, responseBody: {"error":"database not found: \"jpetstore\""}

2023-07-16 14:31:53,836 INFO o.a.j.r.ResultCollector: Shutdown hook started
2023-07-16 14:31:53,837 INFO o.a.j.r.ResultCollector: Shutdown hook ended
